<?xml version="1.0" encoding="UTF-8"?>
<coverage generated="1659563127410" clover="3.2.0">
  <project timestamp="1659563127410" name="All files">
    <metrics statements="14" coveredstatements="13" conditionals="4" coveredconditionals="4" methods="5" coveredmethods="4" elements="23" coveredelements="21" complexity="0" loc="14" ncloc="14" packages="3" files="3" classes="3"/>
    <package name="api">
      <metrics statements="6" coveredstatements="6" conditionals="4" coveredconditionals="4" methods="2" coveredmethods="2"/>
      <file name="pokemon.js" path="D:\Lucho\Estudio - UBA\Curso Argentina Programa\Pokedex\src\api\pokemon.js">
        <metrics statements="6" coveredstatements="6" conditionals="4" coveredconditionals="4" methods="2" coveredmethods="2"/>
        <line num="1" count="1" type="stmt"/>
        <line num="2" count="1" type="stmt"/>
        <line num="5" count="2" type="cond" truecount="2" falsecount="0"/>
        <line num="6" count="1" type="stmt"/>
        <line num="8" count="1" type="stmt"/>
        <line num="12" count="1" type="stmt"/>
      </file>
    </package>
    <package name="ui">
      <metrics statements="2" coveredstatements="1" conditionals="0" coveredconditionals="0" methods="2" coveredmethods="1"/>
      <file name="general.js" path="D:\Lucho\Estudio - UBA\Curso Argentina Programa\Pokedex\src\ui\general.js">
        <metrics statements="2" coveredstatements="1" conditionals="0" coveredconditionals="0" methods="2" coveredmethods="1"/>
        <line num="2" count="1" type="stmt"/>
        <line num="6" count="0" type="stmt"/>
      </file>
    </package>
    <package name="utilidades">
      <metrics statements="6" coveredstatements="6" conditionals="0" coveredconditionals="0" methods="1" coveredmethods="1"/>
      <file name="utilidades.js" path="D:\Lucho\Estudio - UBA\Curso Argentina Programa\Pokedex\src\utilidades\utilidades.js">
        <metrics statements="6" coveredstatements="6" conditionals="0" coveredconditionals="0" methods="1" coveredmethods="1"/>
        <line num="4" count="2" type="stmt"/>
        <line num="5" count="2" type="stmt"/>
        <line num="6" count="1" type="stmt"/>
        <line num="8" count="1" type="stmt"/>
        <line num="9" count="1" type="stmt"/>
        <line num="11" count="2" type="stmt"/>
      </file>
    </package>
  </project>
</coverage>
