{"D:\\Lucho\\Estudio - UBA\\Curso Argentina Programa\\Pokedex\\src\\api\\pokemon.js": {"path":"D:\\Lucho\\Estudio - UBA\\Curso Argentina Programa\\Pokedex\\src\\api\\pokemon.js","statementMap":{"0":{"start":{"line":1,"column":23},"end":{"line":1,"column":59}},"1":{"start":{"line":2,"column":32},"end":{"line":2,"column":34}},"2":{"start":{"line":5,"column":4},"end":{"line":7,"column":5}},"3":{"start":{"line":6,"column":8},"end":{"line":6,"column":78}},"4":{"start":{"line":8,"column":4},"end":{"line":8,"column":49}},"5":{"start":{"line":12,"column":4},"end":{"line":12,"column":77}}},"fnMap":{"0":{"name":"cargarPokemon","decl":{"start":{"line":4,"column":22},"end":{"line":4,"column":35}},"loc":{"start":{"line":4,"column":39},"end":{"line":9,"column":1}},"line":4},"1":{"name":"cargarPokemones","decl":{"start":{"line":11,"column":22},"end":{"line":11,"column":37}},"loc":{"start":{"line":11,"column":72},"end":{"line":13,"column":1}},"line":11}},"branchMap":{"0":{"loc":{"start":{"line":5,"column":4},"end":{"line":7,"column":5}},"type":"if","locations":[{"start":{"line":5,"column":4},"end":{"line":7,"column":5}},{"start":{},"end":{}}],"line":5},"1":{"loc":{"start":{"line":11,"column":38},"end":{"line":11,"column":46}},"type":"default-arg","locations":[{"start":{"line":11,"column":45},"end":{"line":11,"column":46}}],"line":11},"2":{"loc":{"start":{"line":11,"column":48},"end":{"line":11,"column":71}},"type":"default-arg","locations":[{"start":{"line":11,"column":55},"end":{"line":11,"column":71}}],"line":11}},"s":{"0":1,"1":1,"2":2,"3":1,"4":1,"5":1},"f":{"0":2,"1":1},"b":{"0":[1,1],"1":[1],"2":[1]},"_coverageSchema":"1a1c01bbd47fc00a2c39e90264f33305004495a9","hash":"273b2272b2df4a30694d0f8479b9e95ad9946ea0"}
,"D:\\Lucho\\Estudio - UBA\\Curso Argentina Programa\\Pokedex\\src\\ui\\general.js": {"path":"D:\\Lucho\\Estudio - UBA\\Curso Argentina Programa\\Pokedex\\src\\ui\\general.js","statementMap":{"0":{"start":{"line":2,"column":4},"end":{"line":2,"column":63}},"1":{"start":{"line":6,"column":4},"end":{"line":6,"column":64}}},"fnMap":{"0":{"name":"actualizarTextoAyuda","decl":{"start":{"line":1,"column":16},"end":{"line":1,"column":36}},"loc":{"start":{"line":1,"column":43},"end":{"line":3,"column":1}},"line":1},"1":{"name":"mostrarTotalPokemones","decl":{"start":{"line":5,"column":16},"end":{"line":5,"column":37}},"loc":{"start":{"line":5,"column":44},"end":{"line":7,"column":1}},"line":5}},"branchMap":{},"s":{"0":1,"1":0},"f":{"0":1,"1":0},"b":{},"_coverageSchema":"1a1c01bbd47fc00a2c39e90264f33305004495a9","hash":"b2d291d083ef41f17f8ad841cf5ef4c0830218dc"}
,"D:\\Lucho\\Estudio - UBA\\Curso Argentina Programa\\Pokedex\\src\\utilidades\\utilidades.js": {"path":"D:\\Lucho\\Estudio - UBA\\Curso Argentina Programa\\Pokedex\\src\\utilidades\\utilidades.js","statementMap":{"0":{"start":{"line":4,"column":4},"end":{"line":10,"column":5}},"1":{"start":{"line":5,"column":6},"end":{"line":5,"column":51}},"2":{"start":{"line":6,"column":6},"end":{"line":6,"column":49}},"3":{"start":{"line":8,"column":6},"end":{"line":8,"column":25}},"4":{"start":{"line":9,"column":6},"end":{"line":9,"column":24}},"5":{"start":{"line":11,"column":4},"end":{"line":11,"column":29}}},"fnMap":{"0":{"name":"obtenerParametrosDeURL","decl":{"start":{"line":1,"column":24},"end":{"line":1,"column":46}},"loc":{"start":{"line":1,"column":52},"end":{"line":12,"column":3}},"line":1}},"branchMap":{},"s":{"0":2,"1":2,"2":1,"3":1,"4":1,"5":2},"f":{"0":2},"b":{},"_coverageSchema":"1a1c01bbd47fc00a2c39e90264f33305004495a9","hash":"d2f0c785fba4beb8943cd418884a46963a0db89a"}
}
