TN:
SF:src\api\pokemon.js
FN:4,cargarPokemon
FN:11,cargarPokemones
FNF:2
FNH:2
FNDA:2,cargarPokemon
FNDA:1,cargarPokemones
DA:1,1
DA:2,1
DA:5,2
DA:6,1
DA:8,1
DA:12,1
LF:6
LH:6
BRDA:5,0,0,1
BRDA:5,0,1,1
BRDA:11,1,0,1
BRDA:11,2,0,1
BRF:4
BRH:4
end_of_record
TN:
SF:src\ui\general.js
FN:1,actualizarTextoAyuda
FN:5,mostrarTotalPokemones
FNF:2
FNH:1
FNDA:1,actualizarTextoAyuda
FNDA:0,mostrarTotalPokemones
DA:2,1
DA:6,0
LF:2
LH:1
BRF:0
BRH:0
end_of_record
TN:
SF:src\utilidades\utilidades.js
FN:1,obtenerParametrosDeURL
FNF:1
FNH:1
FNDA:2,obtenerParametrosDeURL
DA:4,2
DA:5,2
DA:6,1
DA:8,1
DA:9,1
DA:11,2
LF:6
LH:6
BRF:0
BRH:0
end_of_record
